2026-05-04 21:56:37,938 - mmrotate - INFO - Environment info:
------------------------------------------------------------
sys.platform: linux
Python: 3.10.20 | packaged by conda-forge | (main, Mar  5 2026, 16:42:22) [GCC 14.3.0]
CUDA available: True
GPU 0: Quadro RTX 6000
CUDA_HOME: /deepstore/software/nvidia/cuda-11.8
NVCC: Cuda compilation tools, release 11.8, V11.8.89
GCC: gcc (Ubuntu 11.4.0-1ubuntu1~22.04.3) 11.4.0
PyTorch: 2.5.1
PyTorch compiling details: PyTorch built with:
  - GCC 9.3
  - C++ Version: 201703
  - Intel(R) oneAPI Math Kernel Library Version 2022.1-Product Build 20220311 for Intel(R) 64 architecture applications
  - Intel(R) MKL-DNN v3.5.3 (Git Hash 66f0cb9eb66affd2da3bf5f8d897376f04aae6af)
  - OpenMP 201511 (a.k.a. OpenMP 4.5)
  - LAPACK is enabled (usually provided by MKL)
  - NNPACK is enabled
  - CPU capability usage: AVX512
  - CUDA Runtime 11.8
  - NVCC architecture flags: -gencode;arch=compute_50,code=sm_50;-gencode;arch=compute_60,code=sm_60;-gencode;arch=compute_61,code=sm_61;-gencode;arch=compute_70,code=sm_70;-gencode;arch=compute_75,code=sm_75;-gencode;arch=compute_80,code=sm_80;-gencode;arch=compute_86,code=sm_86;-gencode;arch=compute_37,code=sm_37;-gencode;arch=compute_90,code=sm_90;-gencode;arch=compute_37,code=compute_37
  - CuDNN 90.1
  - Magma 2.6.1
  - Build settings: BLAS_INFO=mkl, BUILD_TYPE=Release, CUDA_VERSION=11.8, CUDNN_VERSION=9.1.0, CXX_COMPILER=/opt/rh/devtoolset-9/root/usr/bin/c++, CXX_FLAGS= -D_GLIBCXX_USE_CXX11_ABI=0 -fabi-version=11 -fvisibility-inlines-hidden -DUSE_PTHREADPOOL -DNDEBUG -DUSE_KINETO -DLIBKINETO_NOROCTRACER -DLIBKINETO_NOXPUPTI=ON -DUSE_FBGEMM -DUSE_PYTORCH_QNNPACK -DUSE_XNNPACK -DSYMBOLICATE_MOBILE_DEBUG_HANDLE -O2 -fPIC -Wall -Wextra -Werror=return-type -Werror=non-virtual-dtor -Werror=bool-operation -Wnarrowing -Wno-missing-field-initializers -Wno-type-limits -Wno-array-bounds -Wno-unknown-pragmas -Wno-unused-parameter -Wno-strict-overflow -Wno-strict-aliasing -Wno-stringop-overflow -Wsuggest-override -Wno-psabi -Wno-error=old-style-cast -Wno-missing-braces -fdiagnostics-color=always -faligned-new -Wno-unused-but-set-variable -Wno-maybe-uninitialized -fno-math-errno -fno-trapping-math -Werror=format -Wno-stringop-overflow, LAPACK_INFO=mkl, PERF_WITH_AVX=1, PERF_WITH_AVX2=1, TORCH_VERSION=2.5.1, USE_CUDA=ON, USE_CUDNN=ON, USE_CUSPARSELT=1, USE_EXCEPTION_PTR=1, USE_GFLAGS=OFF, USE_GLOG=OFF, USE_GLOO=ON, USE_MKL=ON, USE_MKLDNN=ON, USE_MPI=OFF, USE_NCCL=ON, USE_NNPACK=ON, USE_OPENMP=ON, USE_ROCM=OFF, USE_ROCM_KERNEL_ASSERT=OFF, 

TorchVision: 0.20.1
OpenCV: 4.13.0
MMCV: 1.7.2
MMCV Compiler: GCC 11.4
MMCV CUDA Compiler: not available
MMRotate: 0.3.4+f82d593
------------------------------------------------------------

2026-05-04 21:56:39,121 - mmrotate - INFO - Distributed training: False
2026-05-04 21:56:40,447 - mmrotate - INFO - Config:
angle_version = 'le135'
model = dict(
    type='Two_Stream_S2ANet',
    backbone=dict(
        type='C2FormerResNet',
        fmap_size=(128, 160),
        dims_in=[256, 512, 1024, 2048],
        dims_out=[96, 192, 384, 768],
        num_heads=[3, 6, 12, 24],
        cca_strides=[3, 3, 3, 3],
        groups=[1, 2, 3, 6],
        offset_range_factor=[2, 2, 2, 2],
        no_offs=[False, False, False, False],
        attn_drop_rate=0.0,
        drop_rate=0.0,
        depth=50,
        num_stages=4,
        out_indices=(0, 1, 2, 3),
        zero_init_residual=False,
        norm_cfg=dict(type='BN', requires_grad=True),
        norm_eval=True,
        style='pytorch',
        pretrained=
        '/home/s3165582/thesis/drone-multimodal-robustness/pretrain_weights/resnet50-2stream.pth'
    ),
    neck=dict(
        type='FPN',
        in_channels=[256, 512, 1024, 2048],
        out_channels=256,
        start_level=1,
        add_extra_convs='on_input',
        num_outs=5),
    fam_head=dict(
        type='RotatedRetinaHead',
        num_classes=5,
        in_channels=256,
        stacked_convs=2,
        feat_channels=256,
        assign_by_circumhbbox=None,
        anchor_generator=dict(
            type='RotatedAnchorGenerator',
            scales=[4],
            ratios=[1.0],
            strides=[8, 16, 32, 64, 128]),
        bbox_coder=dict(
            type='DeltaXYWHAOBBoxCoder',
            angle_range='le135',
            norm_factor=1,
            edge_swap=False,
            proj_xy=True,
            target_means=(0.0, 0.0, 0.0, 0.0, 0.0),
            target_stds=(1.0, 1.0, 1.0, 1.0, 1.0)),
        loss_cls=dict(
            type='FocalLoss',
            use_sigmoid=True,
            gamma=2.0,
            alpha=0.25,
            loss_weight=1.0),
        loss_bbox=dict(type='SmoothL1Loss', beta=0.11, loss_weight=1.0)),
    align_cfgs=dict(
        type='AlignConv',
        kernel_size=3,
        channels=256,
        featmap_strides=[8, 16, 32, 64, 128]),
    odm_head=dict(
        type='ODMRefineHead',
        num_classes=5,
        in_channels=256,
        stacked_convs=2,
        feat_channels=256,
        assign_by_circumhbbox=None,
        anchor_generator=dict(
            type='PseudoAnchorGenerator', strides=[8, 16, 32, 64, 128]),
        bbox_coder=dict(
            type='DeltaXYWHAOBBoxCoder',
            angle_range='le135',
            norm_factor=1,
            edge_swap=False,
            proj_xy=True,
            target_means=(0.0, 0.0, 0.0, 0.0, 0.0),
            target_stds=(1.0, 1.0, 1.0, 1.0, 1.0)),
        loss_cls=dict(
            type='FocalLoss',
            use_sigmoid=True,
            gamma=2.0,
            alpha=0.25,
            loss_weight=1.0),
        loss_bbox=dict(type='SmoothL1Loss', beta=0.11, loss_weight=1.0)),
    train_cfg=dict(
        fam_cfg=dict(
            assigner=dict(
                type='MaxIoUAssigner',
                pos_iou_thr=0.5,
                neg_iou_thr=0.4,
                min_pos_iou=0,
                ignore_iof_thr=-1,
                iou_calculator=dict(type='RBboxOverlaps2D')),
            allowed_border=-1,
            pos_weight=-1,
            debug=False),
        odm_cfg=dict(
            assigner=dict(
                type='MaxIoUAssigner',
                pos_iou_thr=0.5,
                neg_iou_thr=0.4,
                min_pos_iou=0,
                ignore_iof_thr=-1,
                iou_calculator=dict(type='RBboxOverlaps2D')),
            allowed_border=-1,
            pos_weight=-1,
            debug=False)),
    test_cfg=dict(
        nms_pre=2000,
        min_bbox_size=0,
        score_thr=0.05,
        nms=dict(iou_thr=0.1),
        max_per_img=2000))
dataset_type = 'DroneVehicleDataset'
data_root = '/home/s3165582/thesis/drone-multimodal-robustness/data/DroneVehicle/'
img_norm_cfg = dict(
    mean=[123.675, 116.28, 103.53], std=[58.395, 57.12, 57.375], to_rgb=True)
train_pipeline = [
    dict(type='LoadPairedImageFromFile'),
    dict(type='LoadAnnotations', with_bbox=True),
    dict(type='RResize', img_scale=(512, 640)),
    dict(
        type='RRandomFlip',
        flip_ratio=[0.25, 0.25, 0.25],
        direction=['horizontal', 'vertical', 'diagonal'],
        version='le135'),
    dict(
        type='Normalize',
        mean=[123.675, 116.28, 103.53],
        std=[58.395, 57.12, 57.375],
        to_rgb=True),
    dict(type='Pad', size_divisor=32),
    dict(type='PairedImageDefaultFormatBundle'),
    dict(type='Collect', keys=['img', 'img_tir', 'gt_bboxes', 'gt_labels'])
]
test_pipeline = [
    dict(type='LoadPairedImageFromFile'),
    dict(
        type='MultiScaleFlipAug',
        img_scale=(512, 640),
        flip=False,
        transforms=[
            dict(type='RResize'),
            dict(
                type='Normalize',
                mean=[123.675, 116.28, 103.53],
                std=[58.395, 57.12, 57.375],
                to_rgb=True),
            dict(type='Pad', size_divisor=32),
            dict(type='PairedImageDefaultFormatBundle'),
            dict(type='Collect', keys=['img', 'img_tir'])
        ])
]
data = dict(
    samples_per_gpu=4,
    workers_per_gpu=4,
    train=dict(
        type='DroneVehicleDataset',
        ann_file=
        '/home/s3165582/thesis/drone-multimodal-robustness/data/DroneVehicle/train/trainMatchedLabel',
        img_prefix=
        '/home/s3165582/thesis/drone-multimodal-robustness/data/DroneVehicle/train/trainMatchedImg',
        pipeline=[
            dict(type='LoadPairedImageFromFile'),
            dict(type='LoadAnnotations', with_bbox=True),
            dict(type='RResize', img_scale=(512, 640)),
            dict(
                type='RRandomFlip',
                flip_ratio=[0.25, 0.25, 0.25],
                direction=['horizontal', 'vertical', 'diagonal'],
                version='le135'),
            dict(
                type='Normalize',
                mean=[123.675, 116.28, 103.53],
                std=[58.395, 57.12, 57.375],
                to_rgb=True),
            dict(type='Pad', size_divisor=32),
            dict(type='PairedImageDefaultFormatBundle'),
            dict(
                type='Collect',
                keys=['img', 'img_tir', 'gt_bboxes', 'gt_labels'])
        ],
        version='le135'),
    val=dict(
        type='DroneVehicleDataset',
        ann_file=
        '/home/s3165582/thesis/drone-multimodal-robustness/data/DroneVehicle/val/valMatchedLabel',
        img_prefix=
        '/home/s3165582/thesis/drone-multimodal-robustness/data/DroneVehicle/val/valMatchedImg',
        pipeline=[
            dict(type='LoadPairedImageFromFile'),
            dict(
                type='MultiScaleFlipAug',
                img_scale=(512, 640),
                flip=False,
                transforms=[
                    dict(type='RResize'),
                    dict(
                        type='Normalize',
                        mean=[123.675, 116.28, 103.53],
                        std=[58.395, 57.12, 57.375],
                        to_rgb=True),
                    dict(type='Pad', size_divisor=32),
                    dict(type='PairedImageDefaultFormatBundle'),
                    dict(type='Collect', keys=['img', 'img_tir'])
                ])
        ],
        version='le135'),
    test=dict(
        type='DroneVehicleDataset',
        ann_file=
        '/home/s3165582/thesis/drone-multimodal-robustness/data/DroneVehicle/test/testMatchedLabel',
        img_prefix=
        '/home/s3165582/thesis/drone-multimodal-robustness/data/DroneVehicle/test/testMatchedImg',
        pipeline=[
            dict(type='LoadPairedImageFromFile'),
            dict(
                type='MultiScaleFlipAug',
                img_scale=(512, 640),
                flip=False,
                transforms=[
                    dict(type='RResize'),
                    dict(
                        type='Normalize',
                        mean=[123.675, 116.28, 103.53],
                        std=[58.395, 57.12, 57.375],
                        to_rgb=True),
                    dict(type='Pad', size_divisor=32),
                    dict(type='PairedImageDefaultFormatBundle'),
                    dict(type='Collect', keys=['img', 'img_tir'])
                ])
        ],
        version='le135'))
evaluation = dict(interval=1, metric='mAP')
optimizer = dict(type='SGD', lr=0.001, momentum=0.9, weight_decay=0.0001)
optimizer_config = dict(grad_clip=dict(max_norm=35, norm_type=2))
lr_config = dict(
    policy='step',
    warmup='linear',
    warmup_iters=500,
    warmup_ratio=0.3333333333333333,
    step=[16, 22])
runner = dict(type='EpochBasedRunner', max_epochs=24)
checkpoint_config = dict(interval=1)
log_config = dict(interval=50, hooks=[dict(type='TextLoggerHook')])
dist_params = dict(backend='nccl')
log_level = 'INFO'
load_from = None
resume_from = None
workflow = [('train', 1)]
opencv_num_threads = 0
mp_start_method = 'fork'
work_dir = 'work_dirs/c2former'
auto_resume = False
gpu_ids = range(0, 1)

2026-05-04 21:56:40,447 - mmrotate - INFO - Set random seed to 465107827, deterministic: False
2026-05-04 22:02:01,103 - mmrotate - INFO - Start running, host: s3165582@ctit085, work_dir: /home/s3165582/thesis/drone-multimodal-robustness/work_dirs/c2former
2026-05-04 22:02:01,104 - mmrotate - INFO - Hooks will be executed in the following order:
before_run:
(VERY_HIGH   ) StepLrUpdaterHook                  
(NORMAL      ) CheckpointHook                     
(LOW         ) EvalHook                           
(VERY_LOW    ) TextLoggerHook                     
 -------------------- 
before_train_epoch:
(VERY_HIGH   ) StepLrUpdaterHook                  
(LOW         ) IterTimerHook                      
(LOW         ) EvalHook                           
(VERY_LOW    ) TextLoggerHook                     
 -------------------- 
before_train_iter:
(VERY_HIGH   ) StepLrUpdaterHook                  
(LOW         ) IterTimerHook                      
(LOW         ) EvalHook                           
 -------------------- 
after_train_iter:
(ABOVE_NORMAL) OptimizerHook                      
(NORMAL      ) CheckpointHook                     
(LOW         ) IterTimerHook                      
(LOW         ) EvalHook                           
(VERY_LOW    ) TextLoggerHook                     
 -------------------- 
after_train_epoch:
(NORMAL      ) CheckpointHook                     
(LOW         ) EvalHook                           
(VERY_LOW    ) TextLoggerHook                     
 -------------------- 
before_val_epoch:
(LOW         ) IterTimerHook                      
(VERY_LOW    ) TextLoggerHook                     
 -------------------- 
before_val_iter:
(LOW         ) IterTimerHook                      
 -------------------- 
after_val_iter:
(LOW         ) IterTimerHook                      
 -------------------- 
after_val_epoch:
(VERY_LOW    ) TextLoggerHook                     
 -------------------- 
after_run:
(VERY_LOW    ) TextLoggerHook                     
 -------------------- 
2026-05-04 22:02:01,104 - mmrotate - INFO - workflow: [('train', 1)], max: 24 epochs
2026-05-04 22:02:01,104 - mmrotate - INFO - Checkpoints will be saved to /home/s3165582/thesis/drone-multimodal-robustness/work_dirs/c2former by HardDiskBackend.
